# Logfile created on 2014-01-27 13:36:08 -0200 by logger.rb/41954
I, [2014-01-27T13:36:08.772562 #19480]  INFO -- : 0:  rake (10.1.0) from /Users/matheusbras/.rvm/gems/ruby-2.0.0-p353@teamblog2013/specifications/rake-10.1.0.gemspec
I, [2014-01-27T13:36:08.772956 #19480]  INFO -- : 0:  RedCloth (4.2.9) from /Users/matheusbras/.rvm/gems/ruby-2.0.0-p353@teamblog2013/specifications/RedCloth-4.2.9.gemspec
I, [2014-01-27T13:36:08.773317 #19480]  INFO -- : 0:  sass (3.2.10) from /Users/matheusbras/.rvm/gems/ruby-2.0.0-p353@teamblog2013/specifications/sass-3.2.10.gemspec
I, [2014-01-27T13:36:08.773663 #19480]  INFO -- : 0:  thor (0.18.1) from /Users/matheusbras/.rvm/gems/ruby-2.0.0-p353@global/specifications/thor-0.18.1.gemspec
I, [2014-01-27T13:36:08.773973 #19480]  INFO -- : 0:  bourbon (3.1.8) from /Users/matheusbras/.rvm/gems/ruby-2.0.0-p353@teamblog2013/specifications/bourbon-3.1.8.gemspec
I, [2014-01-27T13:36:08.774312 #19480]  INFO -- : 0:  chunky_png (1.2.8) from /Users/matheusbras/.rvm/gems/ruby-2.0.0-p353@teamblog2013/specifications/chunky_png-1.2.8.gemspec
I, [2014-01-27T13:36:08.774618 #19480]  INFO -- : 0:  fast-stemmer (1.0.2) from /Users/matheusbras/.rvm/gems/ruby-2.0.0-p353@teamblog2013/specifications/fast-stemmer-1.0.2.gemspec
I, [2014-01-27T13:36:08.774921 #19480]  INFO -- : 0:  classifier (1.3.3) from /Users/matheusbras/.rvm/gems/ruby-2.0.0-p353@teamblog2013/specifications/classifier-1.3.3.gemspec
I, [2014-01-27T13:36:08.775221 #19480]  INFO -- : 0:  colorator (0.1) from /Users/matheusbras/.rvm/gems/ruby-2.0.0-p353@teamblog2013/specifications/colorator-0.1.gemspec
I, [2014-01-27T13:36:08.775521 #19480]  INFO -- : 0:  highline (1.6.20) from /Users/matheusbras/.rvm/gems/ruby-2.0.0-p353@teamblog2013/specifications/highline-1.6.20.gemspec
I, [2014-01-27T13:36:08.775828 #19480]  INFO -- : 0:  commander (4.1.5) from /Users/matheusbras/.rvm/gems/ruby-2.0.0-p353@teamblog2013/specifications/commander-4.1.5.gemspec
I, [2014-01-27T13:36:08.776270 #19480]  INFO -- : 0:  fssm (0.2.10) from /Users/matheusbras/.rvm/gems/ruby-2.0.0-p353@teamblog2013/specifications/fssm-0.2.10.gemspec
I, [2014-01-27T13:36:08.776581 #19480]  INFO -- : 0:  compass (0.12.2) from /Users/matheusbras/.rvm/gems/ruby-2.0.0-p353@teamblog2013/specifications/compass-0.12.2.gemspec
I, [2014-01-27T13:36:08.776884 #19480]  INFO -- : 0:  directory_watcher (1.4.1) from /Users/matheusbras/.rvm/gems/ruby-2.0.0-p353@teamblog2013/specifications/directory_watcher-1.4.1.gemspec
I, [2014-01-27T13:36:08.777194 #19480]  INFO -- : 0:  dotenv (0.9.0) from /Users/matheusbras/.rvm/gems/ruby-2.0.0-p353@teamblog2013/specifications/dotenv-0.9.0.gemspec
I, [2014-01-27T13:36:08.777498 #19480]  INFO -- : 0:  foreman (0.63.0) from /Users/matheusbras/.rvm/gems/ruby-2.0.0-p353@teamblog2013/specifications/foreman-0.63.0.gemspec
I, [2014-01-27T13:36:08.777799 #19480]  INFO -- : 0:  liquid (2.5.1) from /Users/matheusbras/.rvm/gems/ruby-2.0.0-p353@teamblog2013/specifications/liquid-2.5.1.gemspec
I, [2014-01-27T13:36:08.778096 #19480]  INFO -- : 0:  syntax (1.0.0) from /Users/matheusbras/.rvm/gems/ruby-2.0.0-p353@teamblog2013/specifications/syntax-1.0.0.gemspec
I, [2014-01-27T13:36:08.778394 #19480]  INFO -- : 0:  maruku (0.6.1) from /Users/matheusbras/.rvm/gems/ruby-2.0.0-p353@teamblog2013/specifications/maruku-0.6.1.gemspec
I, [2014-01-27T13:36:08.778740 #19480]  INFO -- : 0:  posix-spawn (0.3.6) from /Users/matheusbras/.rvm/gems/ruby-2.0.0-p353@teamblog2013/specifications/posix-spawn-0.3.6.gemspec
I, [2014-01-27T13:36:08.779043 #19480]  INFO -- : 0:  yajl-ruby (1.1.0) from /Users/matheusbras/.rvm/gems/ruby-2.0.0-p353@teamblog2013/specifications/yajl-ruby-1.1.0.gemspec
I, [2014-01-27T13:36:08.779344 #19480]  INFO -- : 0:  pygments.rb (0.5.2) from /Users/matheusbras/.rvm/gems/ruby-2.0.0-p353@teamblog2013/specifications/pygments.rb-0.5.2.gemspec
I, [2014-01-27T13:36:08.779644 #19480]  INFO -- : 0:  redcarpet (2.2.2) from /Users/matheusbras/.rvm/gems/ruby-2.0.0-p353@teamblog2013/specifications/redcarpet-2.2.2.gemspec
I, [2014-01-27T13:36:08.779947 #19480]  INFO -- : 0:  safe_yaml (0.7.1) from /Users/matheusbras/.rvm/gems/ruby-2.0.0-p353@teamblog2013/specifications/safe_yaml-0.7.1.gemspec
I, [2014-01-27T13:36:08.780258 #19480]  INFO -- : 0:  jekyll (1.2.0) from /Users/matheusbras/.rvm/gems/ruby-2.0.0-p353@teamblog2013/specifications/jekyll-1.2.0.gemspec
I, [2014-01-27T13:36:08.780556 #19480]  INFO -- : 0:  kramdown (1.0.2) from /Users/matheusbras/.rvm/gems/ruby-2.0.0-p353@teamblog2013/specifications/kramdown-1.0.2.gemspec
I, [2014-01-27T13:36:08.780874 #19480]  INFO -- : 0:  rdiscount (1.6.8) from /Users/matheusbras/.rvm/gems/ruby-2.0.0-p353@teamblog2013/specifications/rdiscount-1.6.8.gemspec
I, [2014-01-27T13:36:08.781183 #19480]  INFO -- : 0:  github-pages (8) from /Users/matheusbras/.rvm/gems/ruby-2.0.0-p353@teamblog2013/specifications/github-pages-8.gemspec
I, [2014-01-27T13:36:08.781493 #19480]  INFO -- : 0:  kgio (2.7.4) from /Users/matheusbras/.rvm/gems/ruby-2.0.0-p353@teamblog2013/specifications/kgio-2.7.4.gemspec
I, [2014-01-27T13:36:08.781805 #19480]  INFO -- : 0:  rack (1.5.2) from /Users/matheusbras/.rvm/gems/ruby-2.0.0-p353@global/specifications/rack-1.5.2.gemspec
I, [2014-01-27T13:36:08.782116 #19480]  INFO -- : 0:  raindrops (0.10.0) from /Users/matheusbras/.rvm/gems/ruby-2.0.0-p353@teamblog2013/specifications/raindrops-0.10.0.gemspec
I, [2014-01-27T13:36:08.782474 #19480]  INFO -- : 0:  unicorn (4.3.1) from /Users/matheusbras/.rvm/gems/ruby-2.0.0-p353@teamblog2013/specifications/unicorn-4.3.1.gemspec
I, [2014-01-27T13:36:08.783002 #19480]  INFO -- : 0:  bundler (1.5.0) from /Users/matheusbras/.rvm/gems/ruby-2.0.0-p353@global/specifications/bundler-1.5.0.gemspec
